build/app/intermediates/manifest_merge_blame_file/debug/manifest-merger-blame-debug-report.txt
1<?xml version="1.0" encoding="utf-8"?>
2<manifest xmlns:android="http://schemas.android.com/apk/res/android"
3    package="com.example.flutter_coronavirustracker"
4    android:versionCode="2"
5    android:versionName="1.0.0" >
6
7    <uses-sdk
8        android:minSdkVersion="16"
9        android:targetSdkVersion="28" />
10    <!--
11         Flutter needs it to communicate with the running application
12         to allow setting breakpoints, to provide hot reload, etc.
13    -->
14    <uses-permission android:name="android.permission.INTERNET" />
14-->src/debug/AndroidManifest.xml:6:5-66
14-->src/debug/AndroidManifest.xml:6:22-64
15    <!-- Include required permissions for Google Maps API to run. -->
16    <uses-permission android:name="android.permission.ACCESS_NETWORK_STATE" />
16-->[com.google.android.gms:play-services-maps:17.0.0] AndroidManifest.xml:23:5-79
16-->[com.google.android.gms:play-services-maps:17.0.0] AndroidManifest.xml:23:22-76
17
18    <uses-feature
18-->[com.google.android.gms:play-services-maps:17.0.0] AndroidManifest.xml:26:5-28:35
19        android:glEsVersion="0x00020000"
19-->[com.google.android.gms:play-services-maps:17.0.0] AndroidManifest.xml:27:9-41
20        android:required="true" />
20-->[com.google.android.gms:play-services-maps:17.0.0] AndroidManifest.xml:28:9-32
21    <!--
22 io.flutter.app.FlutterApplication is an android.app.Application that
23         calls FlutterMain.startInitialization(this); in its onCreate method.
24         In most cases you can leave this as-is, but you if you want to provide
25         additional functionality it is fine to subclass or reimplement
26         FlutterApplication and put your custom class here.
27    -->
28    <application
28-->src/main/AndroidManifest.xml:7:3-32:17
29        android:name="io.flutter.app.FlutterApplication"
29-->src/main/AndroidManifest.xml:7:16-64
30        android:appComponentFactory="androidx.core.app.CoreComponentFactory"
30-->[androidx.core:core:1.0.0] AndroidManifest.xml:22:18-86
31        android:debuggable="true"
32        android:icon="@mipmap/ic_launcher"
32-->src/main/AndroidManifest.xml:7:93-127
33        android:label="StatsCorona" >
33-->src/main/AndroidManifest.xml:7:65-92
34
35        <!-- Add the following entry, with your API key -->
36        <meta-data
36-->src/main/AndroidManifest.xml:10:5-120
37            android:name="com.google.android.geo.API_KEY"
37-->src/main/AndroidManifest.xml:10:16-61
38            android:value="AIzaSyAcugfVEjeTshDH0c88qEGcG9mLSMT0VlU" />
38-->src/main/AndroidManifest.xml:10:62-117
39
40        <activity
40-->src/main/AndroidManifest.xml:12:5-28:16
41            android:name="com.example.flutter_coronavirustracker.MainActivity"
41-->src/main/AndroidManifest.xml:12:15-43
42            android:configChanges="orientation|keyboardHidden|keyboard|screenSize|smallestScreenSize|locale|layoutDirection|fontScale|screenLayout|density|uiMode"
42-->src/main/AndroidManifest.xml:12:110-260
43            android:hardwareAccelerated="true"
43-->src/main/AndroidManifest.xml:12:261-295
44            android:launchMode="singleTop"
44-->src/main/AndroidManifest.xml:12:44-74
45            android:theme="@style/LaunchTheme"
45-->src/main/AndroidManifest.xml:12:75-109
46            android:windowSoftInputMode="adjustResize" >
46-->src/main/AndroidManifest.xml:12:296-338
47
48            <!--
49           Specifies an Android theme to apply to this Activity as soon as
50                 the Android process has started. This theme is visible to the user
51                 while the Flutter UI initializes. After that, this theme continues
52                 to determine the Window background behind the Flutter UI.
53            -->
54            <meta-data
54-->src/main/AndroidManifest.xml:17:7-114
55                android:name="io.flutter.embedding.android.NormalTheme"
55-->src/main/AndroidManifest.xml:17:18-73
56                android:resource="@style/NormalTheme" />
56-->src/main/AndroidManifest.xml:17:74-111
57            <!--
58           Displays an Android View that continues showing the launch screen
59                 Drawable until Flutter paints its first frame, then this splash
60                 screen fades out. A splash screen is useful to avoid any visual
61                 gap between the end of Android's launch screen and the painting of
62                 Flutter's first frame.
63            -->
64            <meta-data
64-->src/main/AndroidManifest.xml:23:7-132
65                android:name="io.flutter.embedding.android.SplashScreenDrawable"
65-->src/main/AndroidManifest.xml:23:18-82
66                android:resource="@drawable/launch_background" />
66-->src/main/AndroidManifest.xml:23:83-129
67
68            <intent-filter>
68-->src/main/AndroidManifest.xml:24:7-27:23
69                <action android:name="android.intent.action.MAIN" />
69-->src/main/AndroidManifest.xml:25:9-61
69-->src/main/AndroidManifest.xml:25:17-58
70
71                <category android:name="android.intent.category.LAUNCHER" />
71-->src/main/AndroidManifest.xml:26:9-69
71-->src/main/AndroidManifest.xml:26:19-66
72            </intent-filter>
73        </activity>
74        <!--
75         Don't delete the meta-data below.
76             This is used by the Flutter tool to generate GeneratedPluginRegistrant.java
77        -->
78        <meta-data
78-->src/main/AndroidManifest.xml:31:5-68
79            android:name="flutterEmbedding"
79-->src/main/AndroidManifest.xml:31:16-47
80            android:value="2" />
80-->src/main/AndroidManifest.xml:31:48-65
81        <!-- Needs to be explicitly declared on P+ -->
82        <uses-library
82-->[com.google.android.gms:play-services-maps:17.0.0] AndroidManifest.xml:33:9-35:40
83            android:name="org.apache.http.legacy"
83-->[com.google.android.gms:play-services-maps:17.0.0] AndroidManifest.xml:34:13-50
84            android:required="false" />
84-->[com.google.android.gms:play-services-maps:17.0.0] AndroidManifest.xml:35:13-37
85
86        <activity
86-->[com.google.android.gms:play-services-base:17.0.0] AndroidManifest.xml:23:9-26:75
87            android:name="com.google.android.gms.common.api.GoogleApiActivity"
87-->[com.google.android.gms:play-services-base:17.0.0] AndroidManifest.xml:24:13-79
88            android:exported="false"
88-->[com.google.android.gms:play-services-base:17.0.0] AndroidManifest.xml:25:13-37
89            android:theme="@android:style/Theme.Translucent.NoTitleBar" />
89-->[com.google.android.gms:play-services-base:17.0.0] AndroidManifest.xml:26:13-72
90
91        <meta-data
91-->[com.google.android.gms:play-services-basement:17.0.0] AndroidManifest.xml:23:9-25:69
92            android:name="com.google.android.gms.version"
92-->[com.google.android.gms:play-services-basement:17.0.0] AndroidManifest.xml:24:13-58
93            android:value="@integer/google_play_services_version" />
93-->[com.google.android.gms:play-services-basement:17.0.0] AndroidManifest.xml:25:13-66
94    </application>
95
96</manifest>